<?xml version="1.0" encoding="UTF-8"?>
<!-- Generated by org.testng.reporters.JUnitReportReporter -->
<testsuite skipped="0" hostname="DESKTOP-JPUHBTB" name="Com_FlipkartTest.Flipkart_IphoneSearchTest" tests="1" failures="0" timestamp="21 Feb 2021 10:23:26 GMT" time="6.476" errors="0">
  <testcase name="iphonesearchtestcase" time="6.476" classname="Com_FlipkartTest.Flipkart_IphoneSearchTest"/>
</testsuite> <!-- Com_FlipkartTest.Flipkart_IphoneSearchTest -->
